mobile/vcb-notification-bridge/app/build/intermediates/manifest_merge_blame_file/debug/processDebugMainManifest/manifest-merger-blame-debug-report.txt
1<?xml version="1.0" encoding="utf-8"?>
2<manifest xmlns:android="http://schemas.android.com/apk/res/android"
3    package="vn.yeuweb.vcbbridge"
4    android:versionCode="1"
5    android:versionName="1.0.0" >
6
7    <uses-sdk
8        android:minSdkVersion="26"
9        android:targetSdkVersion="35" />
10
11    <uses-permission android:name="android.permission.INTERNET" />
11-->src\main\AndroidManifest.xml:3:5-67
11-->src\main\AndroidManifest.xml:3:22-64
12    <uses-permission android:name="android.permission.REQUEST_IGNORE_BATTERY_OPTIMIZATIONS" />
12-->src\main\AndroidManifest.xml:4:5-95
12-->src\main\AndroidManifest.xml:4:22-92
13
14    <application
14-->src\main\AndroidManifest.xml:6:5-29:19
15        android:allowBackup="false"
15-->src\main\AndroidManifest.xml:7:9-36
16        android:debuggable="true"
17        android:extractNativeLibs="false"
18        android:label="Yeuweb VCB Bridge"
18-->src\main\AndroidManifest.xml:8:9-42
19        android:supportsRtl="true"
19-->src\main\AndroidManifest.xml:9:9-35
20        android:theme="@style/AppTheme" >
20-->src\main\AndroidManifest.xml:10:9-40
21        <activity
21-->src\main\AndroidManifest.xml:11:9-18:20
22            android:name="vn.yeuweb.vcbbridge.MainActivity"
22-->src\main\AndroidManifest.xml:12:13-41
23            android:exported="true" >
23-->src\main\AndroidManifest.xml:13:13-36
24            <intent-filter>
24-->src\main\AndroidManifest.xml:14:13-17:29
25                <action android:name="android.intent.action.MAIN" />
25-->src\main\AndroidManifest.xml:15:17-69
25-->src\main\AndroidManifest.xml:15:25-66
26
27                <category android:name="android.intent.category.LAUNCHER" />
27-->src\main\AndroidManifest.xml:16:17-77
27-->src\main\AndroidManifest.xml:16:27-74
28            </intent-filter>
29        </activity>
30
31        <service
31-->src\main\AndroidManifest.xml:20:9-28:19
32            android:name="vn.yeuweb.vcbbridge.BankNotificationListener"
32-->src\main\AndroidManifest.xml:21:13-53
33            android:exported="true"
33-->src\main\AndroidManifest.xml:22:13-36
34            android:label="Yeuweb VCB Bridge"
34-->src\main\AndroidManifest.xml:23:13-46
35            android:permission="android.permission.BIND_NOTIFICATION_LISTENER_SERVICE" >
35-->src\main\AndroidManifest.xml:24:13-87
36            <intent-filter>
36-->src\main\AndroidManifest.xml:25:13-27:29
37                <action android:name="android.service.notification.NotificationListenerService" />
37-->src\main\AndroidManifest.xml:26:17-99
37-->src\main\AndroidManifest.xml:26:25-96
38            </intent-filter>
39        </service>
40    </application>
41
42</manifest>